twa-app/app/build/outputs/mapping/release/seeds.txt
androidx.appcompat.R$styleable: int DrawerArrowToggle_spinBars
androidx.appcompat.R$style: int RtlOverlay_Widget_AppCompat_SearchView_MagIcon
androidx.appcompat.R$attr: int checkedTextViewStyle
androidx.core.R$id: int accessibility_custom_action_29
androidx.appcompat.R$string: int abc_shareactionprovider_share_with
androidx.appcompat.widget.AppCompatRadioButton
androidx.appcompat.R$attr: int fontProviderCerts
androidx.appcompat.R$styleable: int RecycleListView_paddingTopNoTitle
androidx.appcompat.R$id: int notification_main_column_container
androidx.appcompat.R$string: int abc_searchview_description_search
androidx.appcompat.R$attr: int layout_behavior
androidx.appcompat.R$style: int TextAppearance_AppCompat_Light_Widget_PopupMenu_Small
androidx.appcompat.R$styleable: int StateListDrawable_android_dither
androidx.appcompat.R$style: int TextAppearance_AppCompat_Widget_Switch
androidx.appcompat.R$drawable: int tooltip_frame_dark
androidx.appcompat.widget.ButtonBarLayout: void setStacked(boolean)
androidx.appcompat.R$dimen: int abc_text_size_display_1_material
androidx.appcompat.widget.ContentFrameLayout: android.util.TypedValue getFixedHeightMajor()
androidx.appcompat.R$styleable: int SwitchCompat_showText
androidx.appcompat.widget.LinearLayoutCompat: float getWeightSum()
androidx.appcompat.R$styleable: int AppCompatTheme_actionMenuTextColor
androidx.appcompat.R$dimen: int notification_main_column_padding_top
androidx.appcompat.R$style: int Base_Theme_AppCompat_Light_Dialog_FixedSize
androidx.appcompat.R$style: int Widget_AppCompat_ActionBar_TabText
androidx.appcompat.widget.ActionMenuView: android.graphics.drawable.Drawable getOverflowIcon()
androidx.appcompat.R$layout: int notification_action
androidx.appcompat.R$style: int Base_TextAppearance_AppCompat_Widget_Button_Borderless_Colored
androidx.appcompat.R$layout: int abc_expanded_menu_layout
androidx.appcompat.R$string: int abc_menu_delete_shortcut_label
androidx.appcompat.R$attr: int actionModeCutDrawable
androidx.appcompat.R$style: int Base_Widget_AppCompat_ProgressBar
androidx.appcompat.R$styleable: int ActionBar_contentInsetEndWithActions
androidx.appcompat.R$attr: int listItemLayout
androidx.appcompat.R$styleable: int TextAppearance_android_textColorLink
androidx.appcompat.widget.ActionBarContextView: void setCustomView(android.view.View)
androidx.appcompat.R$color: int dim_foreground_material_light
androidx.appcompat.widget.Toolbar: int getCurrentContentInsetLeft()
androidx.core.R$styleable: int FontFamily_fontProviderFetchStrategy
androidx.vectordrawable.graphics.drawable.VectorDrawableCompat$VFullPath: void setFillAlpha(float)
androidx.browser.R$dimen: int notification_main_column_padding_top
androidx.appcompat.R$style: int TextAppearance_AppCompat_Widget_PopupMenu_Large
androidx.lifecycle.FullLifecycleObserverAdapter
androidx.appcompat.widget.LinearLayoutCompat: int getBaseline()
androidx.appcompat.R$attr: int checkboxStyle
androidx.appcompat.R$string: int abc_menu_ctrl_shortcut_label
androidx.appcompat.widget.ContentFrameLayout: android.util.TypedValue getFixedWidthMajor()
androidx.appcompat.R$drawable: int abc_list_selector_holo_dark
androidx.appcompat.R$attr: int firstBaselineToTopHeight
androidx.appcompat.widget.Toolbar: void setPopupTheme(int)
androidx.core.R$id: int async
androidx.lifecycle.Lifecycle$Event: androidx.lifecycle.Lifecycle$Event ON_START
androidx.appcompat.R$styleable: int[] LinearLayoutCompat
androidx.core.R$id: int accessibility_custom_action_14
androidx.appcompat.R$dimen: int notification_big_circle_margin
androidx.vectordrawable.graphics.drawable.VectorDrawableCompat$VPathRenderer: void setAlpha(float)
androidx.appcompat.R$attr: int windowMinWidthMinor
androidx.appcompat.widget.LinearLayoutCompat: int getOrientation()
androidx.appcompat.R$style: int Base_Widget_AppCompat_ListView
androidx.appcompat.R$color: int switch_thumb_disabled_material_dark
androidx.appcompat.widget.Toolbar: void setTitleMarginStart(int)