twa-app/app/build/outputs/mapping/release/mapping.txt
# compiler: R8
# compiler_version: 2.0.74
# min_api: 19
# pg_map_id: 9024eac
# common_typos_disable
...
androidx.appcompat.widget.ListPopupWindow$PopupDataSetObserver -> androidx.appcompat.widget.h0$c:
    androidx.appcompat.widget.ListPopupWindow this$0 -> a
androidx.appcompat.widget.ListPopupWindow$PopupScrollListener -> androidx.appcompat.widget.h0$d:
    androidx.appcompat.widget.ListPopupWindow this$0 -> a
androidx.appcompat.widget.ListPopupWindow$PopupTouchInterceptor -> androidx.appcompat.widget.h0$e:
    androidx.appcompat.widget.ListPopupWindow this$0 -> b
androidx.appcompat.widget.ListPopupWindow$ResizePopupRunnable -> androidx.appcompat.widget.h0$f:
    androidx.appcompat.widget.ListPopupWindow this$0 -> b
androidx.appcompat.widget.MenuItemHoverListener -> androidx.appcompat.widget.i0:
    void onItemHoverEnter(androidx.appcompat.view.menu.MenuBuilder,android.view.MenuItem) -> a
    void onItemHoverExit(androidx.appcompat.view.menu.MenuBuilder,android.view.MenuItem) -> d
androidx.appcompat.widget.MenuPopupWindow -> androidx.appcompat.widget.j0:
    java.lang.reflect.Method sSetTouchModalMethod -> K
    androidx.appcompat.widget.MenuItemHoverListener mHoverListener -> J
    void setEnterTransition(java.lang.Object) -> J
    void setExitTransition(java.lang.Object) -> K
    void setHoverListener(androidx.appcompat.widget.MenuItemHoverListener) -> L
    void setTouchModal(boolean) -> M
    void onItemHoverEnter(androidx.appcompat.view.menu.MenuBuilder,android.view.MenuItem) -> a
    void onItemHoverExit(androidx.appcompat.view.menu.MenuBuilder,android.view.MenuItem) -> d
    androidx.appcompat.widget.DropDownListView createDropDownListView(android.content.Context,boolean) -> h
androidx.appcompat.widget.MenuPopupWindow$MenuDropDownListView -> androidx.appcompat.widget.j0$a:
    androidx.appcompat.widget.MenuItemHoverListener mHoverListener -> r
    android.view.MenuItem mHoveredMenuItem -> s
    int mAdvanceKey -> p
    int mRetreatKey -> q
    int measureHeightOfChildrenCompat(int,int,int,int,int) -> d
    boolean onForwardedEvent(android.view.MotionEvent,int) -> e
androidx.appcompat.widget.ResourcesWrapper -> androidx.appcompat.widget.k0:
    android.content.res.Resources mResources -> a
androidx.appcompat.widget.RtlSpacingHelper -> androidx.appcompat.widget.l0:
    int mExplicitRight -> f
    int mEnd -> d
    boolean mIsRtl -> g
    int mExplicitLeft -> e
    boolean mIsRelative -> h
    int mRight -> b
    int mStart -> c
    int mLeft -> a
    int getEnd() -> a
    int getLeft() -> b
    int getRight() -> c
    int getStart() -> d
    void setAbsolute(int,int) -> e
    void setDirection(boolean) -> f
    void setRelative(int,int) -> g
androidx.appcompat.widget.ScrollingTabContainerView -> androidx.appcompat.widget.m0:
    java.lang.Runnable mTabSelector -> b
    androidx.appcompat.widget.LinearLayoutCompat mTabLayout -> d
    int mSelectedTabIndex -> j
    int mStackedTabMaxWidth -> h
    int mContentHeight -> i
    androidx.appcompat.widget.ScrollingTabContainerView$TabClickListener mTabClickListener -> c
    android.widget.Spinner mTabSpinner -> e
    boolean mAllowCollapse -> f
    int mMaxTabWidth -> g
    void animateToTab(int) -> a
    android.widget.Spinner createSpinner() -> b
    androidx.appcompat.widget.ScrollingTabContainerView$TabView createTabView(androidx.appcompat.app.ActionBar$Tab,boolean) -> c
    boolean isCollapsed() -> d
    void performCollapse() -> e
    boolean performExpand() -> f
androidx.appcompat.widget.ScrollingTabContainerView$1 -> androidx.appcompat.widget.m0$a:
    android.view.View val$tabView -> b
    androidx.appcompat.widget.ScrollingTabContainerView this$0 -> c
androidx.appcompat.widget.ScrollingTabContainerView$TabAdapter -> androidx.appcompat.widget.m0$b:
    androidx.appcompat.widget.ScrollingTabContainerView this$0 -> b
androidx.appcompat.widget.ScrollingTabContainerView$TabClickListener -> androidx.appcompat.widget.m0$c:
    androidx.appcompat.widget.ScrollingTabContainerView this$0 -> b