twa-app/app/build/outputs/mapping/release/usage.txt
com.djangoblogiee.twa.BuildConfig
com.djangoblogiee.twa.R$string
com.djangoblogiee.twa.R$integer
com.djangoblogiee.twa.R$xml
com.djangoblogiee.twa.R
com.djangoblogiee.twa.R$layout
com.djangoblogiee.twa.R$bool
com.djangoblogiee.twa.R$styleable
com.djangoblogiee.twa.R$id
com.djangoblogiee.twa.R$mipmap
com.djangoblogiee.twa.R$dimen
com.djangoblogiee.twa.R$anim
com.djangoblogiee.twa.R$attr
com.djangoblogiee.twa.R$style
com.djangoblogiee.twa.R$raw
com.djangoblogiee.twa.R$drawable
com.djangoblogiee.twa.R$color
...
androidx.lifecycle.livedata.R
androidx.viewpager.widget.PagerTabStrip$2
androidx.core.app.ServiceCompat
com.google.androidbrowserhelper.R
androidx.appcompat.widget.ActionMenuPresenter:
    public void setWidthLimit(int,boolean)
    public void setItemLimit(int)
    public boolean isOverflowReserved()
    public android.os.Parcelable onSaveInstanceState()
    public void onRestoreInstanceState(android.os.Parcelable)
    public void onSubUiVisibilityChanged(boolean)
    private static final java.lang.String TAG
androidx.loader.content.ModernAsyncTask$2
androidx.browser.browseractions.BrowserActionItem
androidx.loader.content.ModernAsyncTask$WorkerRunnable
androidx.fragment.app.BackStackRecord:
    private void doAddOp(int,androidx.fragment.app.Fragment,java.lang.String,int)
    public int getId()
    public int getBreadCrumbTitleRes()
    public int getBreadCrumbShortTitleRes()
    public java.lang.CharSequence getBreadCrumbTitle()
    public java.lang.CharSequence getBreadCrumbShortTitle()
    public androidx.fragment.app.FragmentTransaction add(androidx.fragment.app.Fragment,java.lang.String)
    public androidx.fragment.app.FragmentTransaction add(int,androidx.fragment.app.Fragment)
    public androidx.fragment.app.FragmentTransaction add(int,androidx.fragment.app.Fragment,java.lang.String)
    public androidx.fragment.app.FragmentTransaction replace(int,androidx.fragment.app.Fragment)
    public androidx.fragment.app.FragmentTransaction replace(int,androidx.fragment.app.Fragment,java.lang.String)
    public androidx.fragment.app.FragmentTransaction remove(androidx.fragment.app.Fragment)
    public androidx.fragment.app.FragmentTransaction hide(androidx.fragment.app.Fragment)
    public androidx.fragment.app.FragmentTransaction show(androidx.fragment.app.Fragment)
    public androidx.fragment.app.FragmentTransaction detach(androidx.fragment.app.Fragment)
    public androidx.fragment.app.FragmentTransaction attach(androidx.fragment.app.Fragment)
    public androidx.fragment.app.FragmentTransaction setPrimaryNavigationFragment(androidx.fragment.app.Fragment)
androidx.core.content.FileProvider:
    private static final java.lang.String META_DATA_FILE_PROVIDER_PATHS
    private static final java.lang.String TAG_ROOT_PATH
    private static final java.lang.String TAG_FILES_PATH
    private static final java.lang.String TAG_CACHE_PATH
    private static final java.lang.String TAG_EXTERNAL
    private static final java.lang.String TAG_EXTERNAL_FILES
    private static final java.lang.String TAG_EXTERNAL_CACHE
    private static final java.lang.String TAG_EXTERNAL_MEDIA
    private static final java.lang.String ATTR_NAME
    private static final java.lang.String ATTR_PATH
androidx.appcompat.R$string:
    private void <init>()
androidx.browser.trusted.TrustedWebActivityServiceConnection$CancelNotificationArgs:
    public android.os.Bundle toBundle()
androidx.core.app.FrameMetricsAggregator$FrameMetricsApi24Impl$1
androidx.appcompat.app.ToolbarActionBar$ToolbarCallbackWrapper